<?xml version="1.0" encoding="UTF-8"?>
<testsuite xmlns:xsi="http://www.w3.org/2001/XMLSchema-instance" xsi:noNamespaceSchemaLocation="https://maven.apache.org/surefire/maven-surefire-plugin/xsd/surefire-test-report-3.0.xsd" version="3.0" name="top.soft.classoa.service.LeaveFormMapperTest" time="0.105" tests="1" errors="0" skipped="0" failures="0">
  <properties>
    <property name="java.specification.version" value="17"/>
    <property name="sun.cpu.isalist" value="amd64"/>
    <property name="sun.jnu.encoding" value="GBK"/>
    <property name="java.class.path" value="D:\learning\class-oa\target\test-classes;D:\learning\class-oa\target\classes;D:\tools\maven_jar\jakarta\servlet\jakarta.servlet-api\6.1.0\jakarta.servlet-api-6.1.0.jar;D:\tools\maven_jar\org\junit\jupiter\junit-jupiter-api\5.11.0-M2\junit-jupiter-api-5.11.0-M2.jar;D:\tools\maven_jar\org\opentest4j\opentest4j\1.3.0\opentest4j-1.3.0.jar;D:\tools\maven_jar\org\junit\platform\junit-platform-commons\1.11.0-M2\junit-platform-commons-1.11.0-M2.jar;D:\tools\maven_jar\org\apiguardian\apiguardian-api\1.1.2\apiguardian-api-1.1.2.jar;D:\tools\maven_jar\org\junit\jupiter\junit-jupiter-engine\5.11.0-M2\junit-jupiter-engine-5.11.0-M2.jar;D:\tools\maven_jar\org\junit\platform\junit-platform-engine\1.11.0-M2\junit-platform-engine-1.11.0-M2.jar;D:\tools\maven_jar\mysql\mysql-connector-java\8.0.28\mysql-connector-java-8.0.28.jar;D:\tools\maven_jar\com\google\protobuf\protobuf-java\3.11.4\protobuf-java-3.11.4.jar;D:\tools\maven_jar\org\mybatis\mybatis\3.5.6\mybatis-3.5.6.jar;D:\tools\maven_jar\ch\qos\logback\logback-classic\1.4.12\logback-classic-1.4.12.jar;D:\tools\maven_jar\ch\qos\logback\logback-core\1.4.12\logback-core-1.4.12.jar;D:\tools\maven_jar\org\slf4j\slf4j-api\2.0.7\slf4j-api-2.0.7.jar;D:\tools\maven_jar\com\alibaba\druid\1.2.8\druid-1.2.8.jar;D:\tools\maven_jar\javax\annotation\javax.annotation-api\1.3.2\javax.annotation-api-1.3.2.jar;D:\tools\maven_jar\commons-codec\commons-codec\1.15\commons-codec-1.15.jar;D:\tools\maven_jar\com\fasterxml\jackson\core\jackson-annotations\2.18.1\jackson-annotations-2.18.1.jar;D:\tools\maven_jar\org\projectlombok\lombok\1.18.34\lombok-1.18.34.jar;D:\tools\maven_jar\com\fasterxml\jackson\core\jackson-databind\2.18.1\jackson-databind-2.18.1.jar;D:\tools\maven_jar\com\fasterxml\jackson\core\jackson-core\2.18.1\jackson-core-2.18.1.jar;D:\tools\maven_jar\com\fasterxml\jackson\datatype\jackson-datatype-jsr310\2.18.1\jackson-datatype-jsr310-2.18.1.jar;"/>
    <property name="java.vm.vendor" value="Oracle Corporation"/>
    <property name="sun.arch.data.model" value="64"/>
    <property name="user.variant" value=""/>
    <property name="java.vendor.url" value="https://java.oracle.com/"/>
    <property name="user.timezone" value="Asia/Shanghai"/>
    <property name="os.name" value="Windows 11"/>
    <property name="java.vm.specification.version" value="17"/>
    <property name="sun.java.launcher" value="SUN_STANDARD"/>
    <property name="user.country" value="CN"/>
    <property name="sun.boot.library.path" value="C:\Program Files\Java\jdk-17\bin"/>
    <property name="sun.java.command" value="C:\Users\86188\AppData\Local\Temp\surefire15958608243360642942\surefirebooter-20241216215334309_3.jar C:\Users\86188\AppData\Local\Temp\surefire15958608243360642942 2024-12-16T21-53-33_995-jvmRun1 surefire-20241216215334309_1tmp surefire_0-20241216215334309_2tmp"/>
    <property name="jdk.debug" value="release"/>
    <property name="surefire.test.class.path" value="D:\learning\class-oa\target\test-classes;D:\learning\class-oa\target\classes;D:\tools\maven_jar\jakarta\servlet\jakarta.servlet-api\6.1.0\jakarta.servlet-api-6.1.0.jar;D:\tools\maven_jar\org\junit\jupiter\junit-jupiter-api\5.11.0-M2\junit-jupiter-api-5.11.0-M2.jar;D:\tools\maven_jar\org\opentest4j\opentest4j\1.3.0\opentest4j-1.3.0.jar;D:\tools\maven_jar\org\junit\platform\junit-platform-commons\1.11.0-M2\junit-platform-commons-1.11.0-M2.jar;D:\tools\maven_jar\org\apiguardian\apiguardian-api\1.1.2\apiguardian-api-1.1.2.jar;D:\tools\maven_jar\org\junit\jupiter\junit-jupiter-engine\5.11.0-M2\junit-jupiter-engine-5.11.0-M2.jar;D:\tools\maven_jar\org\junit\platform\junit-platform-engine\1.11.0-M2\junit-platform-engine-1.11.0-M2.jar;D:\tools\maven_jar\mysql\mysql-connector-java\8.0.28\mysql-connector-java-8.0.28.jar;D:\tools\maven_jar\com\google\protobuf\protobuf-java\3.11.4\protobuf-java-3.11.4.jar;D:\tools\maven_jar\org\mybatis\mybatis\3.5.6\mybatis-3.5.6.jar;D:\tools\maven_jar\ch\qos\logback\logback-classic\1.4.12\logback-classic-1.4.12.jar;D:\tools\maven_jar\ch\qos\logback\logback-core\1.4.12\logback-core-1.4.12.jar;D:\tools\maven_jar\org\slf4j\slf4j-api\2.0.7\slf4j-api-2.0.7.jar;D:\tools\maven_jar\com\alibaba\druid\1.2.8\druid-1.2.8.jar;D:\tools\maven_jar\javax\annotation\javax.annotation-api\1.3.2\javax.annotation-api-1.3.2.jar;D:\tools\maven_jar\commons-codec\commons-codec\1.15\commons-codec-1.15.jar;D:\tools\maven_jar\com\fasterxml\jackson\core\jackson-annotations\2.18.1\jackson-annotations-2.18.1.jar;D:\tools\maven_jar\org\projectlombok\lombok\1.18.34\lombok-1.18.34.jar;D:\tools\maven_jar\com\fasterxml\jackson\core\jackson-databind\2.18.1\jackson-databind-2.18.1.jar;D:\tools\maven_jar\com\fasterxml\jackson\core\jackson-core\2.18.1\jackson-core-2.18.1.jar;D:\tools\maven_jar\com\fasterxml\jackson\datatype\jackson-datatype-jsr310\2.18.1\jackson-datatype-jsr310-2.18.1.jar;"/>
    <property name="sun.cpu.endian" value="little"/>
    <property name="user.home" value="C:\Users\86188"/>
    <property name="user.language" value="zh"/>
    <property name="java.specification.vendor" value="Oracle Corporation"/>
    <property name="java.version.date" value="2024-07-16"/>
    <property name="java.home" value="C:\Program Files\Java\jdk-17"/>
    <property name="file.separator" value="\"/>
    <property name="basedir" value="D:\learning\class-oa"/>
    <property name="java.vm.compressedOopsMode" value="Zero based"/>
    <property name="line.separator" value="&#10;"/>
    <property name="java.vm.specification.vendor" value="Oracle Corporation"/>
    <property name="java.specification.name" value="Java Platform API Specification"/>
    <property name="surefire.real.class.path" value="C:\Users\86188\AppData\Local\Temp\surefire15958608243360642942\surefirebooter-20241216215334309_3.jar"/>
    <property name="user.script" value=""/>
    <property name="sun.management.compiler" value="HotSpot 64-Bit Tiered Compilers"/>
    <property name="java.runtime.version" value="17.0.12+8-LTS-286"/>
    <property name="user.name" value="86188"/>
    <property name="path.separator" value=";"/>
    <property name="os.version" value="10.0"/>
    <property name="java.runtime.name" value="Java(TM) SE Runtime Environment"/>
    <property name="file.encoding" value="GBK"/>
    <property name="java.vm.name" value="Java HotSpot(TM) 64-Bit Server VM"/>
    <property name="localRepository" value="D:\tools\maven_jar"/>
    <property name="java.vendor.url.bug" value="https://bugreport.java.com/bugreport/"/>
    <property name="java.io.tmpdir" value="C:\Users\86188\AppData\Local\Temp\"/>
    <property name="idea.version" value="2024.2.1"/>
    <property name="java.version" value="17.0.12"/>
    <property name="user.dir" value="D:\learning\class-oa"/>
    <property name="os.arch" value="amd64"/>
    <property name="java.vm.specification.name" value="Java Virtual Machine Specification"/>
    <property name="sun.os.patch.level" value=""/>
    <property name="native.encoding" value="GBK"/>
    <property name="java.library.path" value="C:\Program Files\Java\jdk-17\bin;C:\WINDOWS\Sun\Java\bin;C:\WINDOWS\system32;C:\WINDOWS;C:\Python312\Scripts\;C:\Python312\;C:\Program Files\Common Files\Oracle\Java\javapath;C:\Program Files (x86)\Common Files\Oracle\Java\javapath;C:\WINDOWS\system32;C:\WINDOWS;C:\WINDOWS\System32\Wbem;C:\WINDOWS\System32\WindowsPowerShell\v1.0\;C:\WINDOWS\System32\OpenSSH\;D:\Java\bin;D:\tools\apache-maven-3.9.9\bin;C:\Program Files\Java\jdk-17\bin;C:\Program Files\apache-tomcat-10.1.28\bin;C:\Program Files\Java\jdk-17\bin;C:\Program Files\apache-tomcat-10.1.28\bin;C:\Program Files\Git\cmd;C:\Program Files\Java\jdk-11\bin;C:\Program Files\nodejs\node_global\node_modules;C:\ProgramData\chocolatey\bin;C:\Program Files\nodejs;C:\Users\86188\npm;C:\Program Files\nodejs\npm;C:\Program Files\nodejs\npm.cmd;C:\Program Files\Java\jdk-17\jre\bin;C:\Users\86188\AppData\Local\Microsoft\WindowsApps;C:\Program Files\JetBrains\IntelliJ IDEA Community Edition 2023.3.4\bin;;D:\tools\apache-tomcat-10.1.28\bin;%JAVA_HOMA%\bin;C:\Users\86188\AppData\Local\Programs\Microsoft VS Code\bin;D:\2024\bin;;C:\Program Files\nodejs\node_global;C:\Users\86188\AppData\Roaming\npm;C:\Users\86188\Desktop\Windsurf\bin;."/>
    <property name="java.vm.info" value="mixed mode, sharing"/>
    <property name="java.vendor" value="Oracle Corporation"/>
    <property name="java.vm.version" value="17.0.12+8-LTS-286"/>
    <property name="sun.io.unicode.encoding" value="UnicodeLittle"/>
    <property name="maven.repo.local" value="D:\tools\maven_jar"/>
    <property name="java.class.version" value="61.0"/>
  </properties>
  <testcase name="insert" classname="top.soft.classoa.service.LeaveFormMapperTest" time="0.103">
    <system-out><![CDATA[21:53:36.814 [main] DEBUG org.apache.ibatis.transaction.jdbc.JdbcTransaction -- Opening JDBC Connection
21:53:36.814 [main] DEBUG org.apache.ibatis.transaction.jdbc.JdbcTransaction -- Setting autocommit to false on JDBC Connection [com.mysql.cj.jdbc.ConnectionImpl@293bb8a5]
21:53:36.816 [main] DEBUG top.soft.classoa.mapper.LeaveFormMapper.insert -- ==>  Preparing: INSERT INTO `oa`.`adm_leave_form` (`employee_id`, `form_type`, `start_time`, `end_time`, `reason`, `create_time`, `state`) VALUES (?, ?, ?, ?, ?, ?, ?)
21:53:36.824 [main] DEBUG top.soft.classoa.mapper.LeaveFormMapper.insert -- ==> Parameters: 3(Long), 1(Integer), 2024-12-03 10:00:00.0(Timestamp), 2024-12-12 10:00:00.0(Timestamp), 个人私事(String), 2024-12-16 21:53:36.813(Timestamp), processing(String)
21:53:36.827 [main] DEBUG top.soft.classoa.mapper.LeaveFormMapper.insert -- <==    Updates: 1
21:53:36.827 [main] DEBUG org.apache.ibatis.transaction.jdbc.JdbcTransaction -- Rolling back JDBC Connection [com.mysql.cj.jdbc.ConnectionImpl@293bb8a5]
21:53:36.911 [main] DEBUG org.apache.ibatis.transaction.jdbc.JdbcTransaction -- Resetting autocommit to true on JDBC Connection [com.mysql.cj.jdbc.ConnectionImpl@293bb8a5]
21:53:36.912 [main] DEBUG org.apache.ibatis.transaction.jdbc.JdbcTransaction -- Closing JDBC Connection [com.mysql.cj.jdbc.ConnectionImpl@293bb8a5]
]]></system-out>
  </testcase>
</testsuite>